Log file open, 05/22/19 10:31:09
LogWindows: Failed to load 'aqProf.dll' (GetLastError=126)
LogWindows: File 'aqProf.dll' does not exist
LogWindows: Failed to load 'VtuneApi.dll' (GetLastError=126)
LogWindows: File 'VtuneApi.dll' does not exist
LogWindows: Failed to load 'VtuneApi32e.dll' (GetLastError=126)
LogWindows: File 'VtuneApi32e.dll' does not exist
LogConsoleResponse: Display: Failed to find resolution value strings in scalability ini. Falling back to default.
LogInit: Display: Running engine for game: EAE3010SUM_As1_G_C
LogPakFile: Registered encryption key '00000000000000000000000000000000': 0 pak files mounted, 0 remain pending
LogPlatformFile: Not using cached read wrapper
LogTaskGraph: Started task graph with 5 named threads and 23 total threads with 3 sets of task threads.
LogStats: Stats thread started at 0.281649
LogD3D11RHI: Loaded GFSDK_Aftermath_Lib.x64.dll
LogICUInternationalization: ICU TimeZone Detection - Raw Offset: -7:00, Platform Override: ''
LogPluginManager: Mounting plugin Paper2D
LogPluginManager: Mounting plugin AISupport
LogPluginManager: Mounting plugin LightPropagationVolume
LogPluginManager: Mounting plugin ActorLayerUtilities
LogPluginManager: Mounting plugin CLionSourceCodeAccess
LogPluginManager: Mounting plugin CodeLiteSourceCodeAccess
LogPluginManager: Mounting plugin GitSourceControl
LogPluginManager: Mounting plugin KDevelopSourceCodeAccess
LogPluginManager: Mounting plugin NullSourceCodeAccess
LogPluginManager: Mounting plugin PerforceSourceControl
LogPluginManager: Mounting plugin SubversionSourceControl
LogPluginManager: Mounting plugin UObjectPlugin
LogPluginManager: Mounting plugin VisualStudioCodeSourceCodeAccess
LogPluginManager: Mounting plugin VisualStudioSourceCodeAccess
LogPluginManager: Mounting plugin XCodeSourceCodeAccess
LogPluginManager: Mounting plugin AssetManagerEditor
LogPluginManager: Mounting plugin CryptoKeys
LogPluginManager: Mounting plugin DataValidation
LogPluginManager: Mounting plugin FacialAnimation
LogPluginManager: Mounting plugin GameplayTagsEditor
LogPluginManager: Mounting plugin MacGraphicsSwitching
LogPluginManager: Mounting plugin MeshEditor
LogPluginManager: Mounting plugin MobileLauncherProfileWizard
LogPluginManager: Mounting plugin PluginBrowser
LogPluginManager: Mounting plugin SpeedTreeImporter
LogPluginManager: Mounting plugin DatasmithContent
LogPluginManager: Mounting plugin VariantManagerContent
LogPluginManager: Mounting plugin AlembicImporter
LogPluginManager: Mounting plugin AppleImageUtils
LogPluginManager: Mounting plugin AppleVision
LogPluginManager: Mounting plugin BackChannel
LogPluginManager: Mounting plugin CharacterAI
LogPluginManager: Mounting plugin GeometryCache
LogPluginManager: Mounting plugin HTML5Networking
LogPluginManager: Mounting plugin ProxyLODPlugin
LogPluginManager: Mounting plugin MagicLeap
LogPluginManager: Mounting plugin MagicLeapMedia
LogPluginManager: Mounting plugin AndroidMedia
LogPluginManager: Mounting plugin AvfMedia
LogPluginManager: Mounting plugin ImgMedia
LogPluginManager: Mounting plugin LinearTimecode
LogPluginManager: Mounting plugin MediaCompositing
LogPluginManager: Mounting plugin MediaPlayerEditor
LogPluginManager: Mounting plugin WebMMedia
LogPluginManager: Mounting plugin WmfMedia
LogPluginManager: Mounting plugin TcpMessaging
LogPluginManager: Mounting plugin UdpMessaging
LogPluginManager: Mounting plugin ActorSequence
LogPluginManager: Mounting plugin LevelSequenceEditor
LogPluginManager: Mounting plugin MatineeToLevelSequence
LogPluginManager: Mounting plugin NetcodeUnitTest
LogPluginManager: Mounting plugin NUTUnrealEngine4
LogPluginManager: Mounting plugin OnlineSubsystemGooglePlay
LogPluginManager: Mounting plugin OnlineSubsystemIOS
LogPluginManager: Mounting plugin OnlineSubsystem
LogPluginManager: Mounting plugin OnlineSubsystemNull
LogPluginManager: Mounting plugin OnlineSubsystemUtils
LogPluginManager: Mounting plugin LauncherChunkInstaller
LogPluginManager: Mounting plugin AndroidDeviceProfileSelector
LogPluginManager: Mounting plugin AndroidMoviePlayer
LogPluginManager: Mounting plugin AndroidPermission
LogPluginManager: Mounting plugin AppleMoviePlayer
LogPluginManager: Mounting plugin ArchVisCharacter
LogPluginManager: Mounting plugin AudioCapture
LogPluginManager: Mounting plugin CableComponent
LogPluginManager: Mounting plugin CustomMeshComponent
LogPluginManager: Mounting plugin EditableMesh
LogPluginManager: Mounting plugin ExampleDeviceProfileSelector
LogPluginManager: Mounting plugin Firebase
LogPluginManager: Mounting plugin GoogleCloudMessaging
LogPluginManager: Mounting plugin IOSDeviceProfileSelector
LogPluginManager: Mounting plugin LinuxDeviceProfileSelector
LogPluginManager: Mounting plugin LocationServicesBPLibrary
LogPluginManager: Mounting plugin MobilePatchingUtils
LogPluginManager: Mounting plugin OculusVR
LogPluginManager: Mounting plugin PhysXVehicles
LogPluginManager: Mounting plugin ProceduralMeshComponent
LogPluginManager: Mounting plugin RuntimePhysXCooking
LogPluginManager: Mounting plugin SteamVR
LogPluginManager: Mounting plugin WebMMoviePlayer
LogPluginManager: Mounting plugin WindowsMoviePlayer
LogStreaming: Display: Took  0.094s to configure plugins.
LogInit: Using libcurl 7.55.1-DEV
LogInit:  - built for x86_64-pc-win32
LogInit:  - supports SSL with OpenSSL/1.0.2h
LogInit:  - supports HTTP deflate (compression) using libz 1.2.8
LogInit:  - other features:
LogInit:      CURL_VERSION_SSL
LogInit:      CURL_VERSION_LIBZ
LogInit:      CURL_VERSION_IPV6
LogInit:      CURL_VERSION_ASYNCHDNS
LogInit:      CURL_VERSION_LARGEFILE
LogInit:      CURL_VERSION_IDN
LogInit:  CurlRequestOptions (configurable via config and command line):
LogInit:  - bVerifyPeer = true  - Libcurl will verify peer certificate
LogInit:  - bUseHttpProxy = false  - Libcurl will NOT use HTTP proxy
LogInit:  - bDontReuseConnections = false  - Libcurl will reuse connections
LogInit:  - MaxHostConnections = 16  - Libcurl will limit the number of connections to a host
LogInit:  - LocalHostAddr = Default
LogInit:  - BufferSize = 65536
LogInit: WinSock: version 1.1 (2.2), MaxSocks=32767, MaxUdp=65467
LogInit: Build: ++UE4+Release-4.21-CL-4753647
LogInit: Engine Version: 4.21.2-4753647+++UE4+Release-4.21
LogInit: Compatible Engine Version: 4.21.0-4541578+++UE4+Release-4.21
LogInit: Net CL: 4541578
LogInit: OS: Windows 10 (), CPU: Intel(R) Core(TM) i7-8809G CPU @ 3.10GHz, GPU: Radeon RX Vega M GH Graphics
LogInit: Compiled (64-bit): Jan 19 2019 02:07:31
LogInit: Compiled with Visual C++: 19.13.26129.00
LogInit: Build Configuration: Development
LogInit: Branch Name: ++UE4+Release-4.21
LogInit: Command Line: 
LogInit: Base Directory: C:/Program Files/Epic Games/UE_4.21/Engine/Binaries/Win64/
LogInit: Installed Engine Build: 1
LogDevObjectVersion: Number of dev versions registered: 22
LogDevObjectVersion:   Dev-Blueprints (B0D832E4-1F89-4F0D-ACCF-7EB736FD4AA2): 10
LogDevObjectVersion:   Dev-Build (E1C64328-A22C-4D53-A36C-8E866417BD8C): 0
LogDevObjectVersion:   Dev-Core (375EC13C-06E4-48FB-B500-84F0262A717E): 2
LogDevObjectVersion:   Dev-Editor (E4B068ED-F494-42E9-A231-DA0B2E46BB41): 26
LogDevObjectVersion:   Dev-Framework (CFFC743F-43B0-4480-9391-14DF171D2073): 34
LogDevObjectVersion:   Dev-Mobile (B02B49B5-BB20-44E9-A304-32B752E40360): 2
LogDevObjectVersion:   Dev-Networking (A4E4105C-59A1-49B5-A7C5-40C4547EDFEE): 0
LogDevObjectVersion:   Dev-Online (39C831C9-5AE6-47DC-9A44-9C173E1C8E7C): 0
LogDevObjectVersion:   Dev-Physics (78F01B33-EBEA-4F98-B9B4-84EACCB95AA2): 0
LogDevObjectVersion:   Dev-Platform (6631380F-2D4D-43E0-8009-CF276956A95A): 0
LogDevObjectVersion:   Dev-Rendering (12F88B9F-8875-4AFC-A67C-D90C383ABD29): 27
LogDevObjectVersion:   Dev-Sequencer (7B5AE74C-D270-4C10-A958-57980B212A5A): 9
LogDevObjectVersion:   Dev-VR (D7296918-1DD6-4BDD-9DE2-64A83CC13884): 2
LogDevObjectVersion:   Dev-LoadTimes (C2A15278-BFE7-4AFE-6C17-90FF531DF755): 1
LogDevObjectVersion:   Private-Geometry (6EACA3D4-40EC-4CC1-B786-8BED09428FC5): 3
LogDevObjectVersion:   Dev-AnimPhys (29E575DD-E0A3-4627-9D10-D276232CDCEA): 17
LogDevObjectVersion:   Dev-Anim (AF43A65D-7FD3-4947-9873-3E8ED9C1BB05): 2
LogDevObjectVersion:   Dev-ReflectionCapture (6B266CEC-1EC7-4B8F-A30B-E4D90942FC07): 1
LogDevObjectVersion:   Dev-Automation (0DF73D61-A23F-47EA-B727-89E90C41499A): 1
LogDevObjectVersion:   FortniteMain (601D1886-AC64-4F84-AA16-D3DE0DEAC7D6): 17
LogDevObjectVersion:   Dev-Enterprise (9DFFBCD6-494F-0158-E221-12823C92A888): 4
LogDevObjectVersion:   Dev-Niagara (F2AED0AC-9AFE-416F-8664-AA7FFA26D6FC): 1
LogStreaming: Display: Took  0.001s to delete old logs.
LogInit: Presizing for max 8388607 objects, including 0 objects not considered by GC, pre-allocating 0 bytes for permanent pool.
LogInit: Object subsystem initialized
LogConfig: Setting CVar [[con.DebugEarlyDefault:1]]
LogConfig: Setting CVar [[r.setres:1280x720]]
[2019.05.22-16.31.09:735][  0]LogConfig: Setting CVar [[r.VSync:0]]
[2019.05.22-16.31.09:735][  0]LogConfig: Setting CVar [[r.RHICmdBypass:0]]
[2019.05.22-16.31.09:735][  0]LogConfig: Applying CVar settings from Section [/Script/Engine.RendererSettings] File [C:/Users/u0718857/Documents/GitHub/Asset_Pipeline/EAE3010SUM_As1_G_C/Saved/Config/Windows/Engine.ini]
[2019.05.22-16.31.09:735][  0]LogConfig: Setting CVar [[r.GPUCrashDebugging:0]]
[2019.05.22-16.31.09:735][  0]LogConfig: Applying CVar settings from Section [/Script/Engine.RendererOverrideSettings] File [C:/Users/u0718857/Documents/GitHub/Asset_Pipeline/EAE3010SUM_As1_G_C/Saved/Config/Windows/Engine.ini]
[2019.05.22-16.31.09:735][  0]LogConfig: Applying CVar settings from Section [/Script/Engine.StreamingSettings] File [C:/Users/u0718857/Documents/GitHub/Asset_Pipeline/EAE3010SUM_As1_G_C/Saved/Config/Windows/Engine.ini]
[2019.05.22-16.31.09:735][  0]LogConfig: Setting CVar [[s.MinBulkDataSizeForAsyncLoading:131072]]
[2019.05.22-16.31.09:735][  0]LogConfig: Setting CVar [[s.AsyncLoadingThreadEnabled:0]]
[2019.05.22-16.31.09:735][  0]LogConfig: Setting CVar [[s.EventDrivenLoaderEnabled:1]]
[2019.05.22-16.31.09:735][  0]LogConfig: Setting CVar [[s.WarnIfTimeLimitExceeded:0]]
[2019.05.22-16.31.09:735][  0]LogConfig: Setting CVar [[s.TimeLimitExceededMultiplier:1.5]]
[2019.05.22-16.31.09:735][  0]LogConfig: Setting CVar [[s.TimeLimitExceededMinTime:0.005]]
[2019.05.22-16.31.09:735][  0]LogConfig: Setting CVar [[s.UseBackgroundLevelStreaming:1]]
[2019.05.22-16.31.09:735][  0]LogConfig: Setting CVar [[s.PriorityAsyncLoadingExtraTime:15.0]]
[2019.05.22-16.31.09:735][  0]LogConfig: Setting CVar [[s.LevelStreamingActorsUpdateTimeLimit:5.0]]
[2019.05.22-16.31.09:735][  0]LogConfig: Setting CVar [[s.PriorityLevelStreamingActorsUpdateExtraTime:5.0]]
[2019.05.22-16.31.09:735][  0]LogConfig: Setting CVar [[s.LevelStreamingComponentsRegistrationGranularity:10]]
[2019.05.22-16.31.09:735][  0]LogConfig: Setting CVar [[s.UnregisterComponentsTimeLimit:1.0]]
[2019.05.22-16.31.09:735][  0]LogConfig: Setting CVar [[s.LevelStreamingComponentsUnregistrationGranularity:5]]
[2019.05.22-16.31.09:735][  0]LogConfig: Applying CVar settings from Section [/Script/Engine.GarbageCollectionSettings] File [C:/Users/u0718857/Documents/GitHub/Asset_Pipeline/EAE3010SUM_As1_G_C/Saved/Config/Windows/Engine.ini]
[2019.05.22-16.31.09:735][  0]LogConfig: Setting CVar [[gc.MaxObjectsNotConsideredByGC:1]]
[2019.05.22-16.31.09:735][  0]LogConfig: Setting CVar [[gc.SizeOfPermanentObjectPool:0]]
[2019.05.22-16.31.09:735][  0]LogConfig: Setting CVar [[gc.FlushStreamingOnGC:0]]
[2019.05.22-16.31.09:735][  0]LogConfig: Setting CVar [[gc.NumRetriesBeforeForcingGC:10]]
[2019.05.22-16.31.09:735][  0]LogConfig: Setting CVar [[gc.AllowParallelGC:1]]
[2019.05.22-16.31.09:736][  0]LogConfig: Setting CVar [[gc.TimeBetweenPurgingPendingKillObjects:61.1]]
[2019.05.22-16.31.09:736][  0]LogConfig: Setting CVar [[gc.MaxObjectsInEditor:8388607]]
[2019.05.22-16.31.09:736][  0]LogConfig: Setting CVar [[gc.IncrementalBeginDestroyEnabled:1]]
[2019.05.22-16.31.09:736][  0]LogConfig: Setting CVar [[gc.CreateGCClusters:1]]
[2019.05.22-16.31.09:736][  0]LogConfig: Setting CVar [[gc.MergeGCClusters:0]]
[2019.05.22-16.31.09:736][  0]LogConfig: Setting CVar [[gc.MinGCClusterSize:5]]
[2019.05.22-16.31.09:736][  0]LogConfig: Setting CVar [[gc.ActorClusteringEnabled:0]]
[2019.05.22-16.31.09:736][  0]LogConfig: Setting CVar [[gc.BlueprintClusteringEnabled:0]]
[2019.05.22-16.31.09:736][  0]LogConfig: Setting CVar [[gc.UseDisregardForGCOnDedicatedServers:0]]
[2019.05.22-16.31.09:736][  0]LogConfig: Applying CVar settings from Section [/Script/Engine.NetworkSettings] File [C:/Users/u0718857/Documents/GitHub/Asset_Pipeline/EAE3010SUM_As1_G_C/Saved/Config/Windows/Engine.ini]
[2019.05.22-16.31.09:736][  0]LogConfig: Applying CVar settings from Section [/Script/UnrealEd.CookerSettings] File [C:/Users/u0718857/Documents/GitHub/Asset_Pipeline/EAE3010SUM_As1_G_C/Saved/Config/Windows/Engine.ini]
[2019.05.22-16.31.09:739][  0]LogConfig: Applying CVar settings from Section [ViewDistanceQuality@3] File [C:/Users/u0718857/Documents/GitHub/Asset_Pipeline/EAE3010SUM_As1_G_C/Saved/Config/Windows/Scalability.ini]
[2019.05.22-16.31.09:739][  0]LogConfig: Setting CVar [[r.SkeletalMeshLODBias:0]]
[2019.05.22-16.31.09:739][  0]LogConfig: Setting CVar [[r.ViewDistanceScale:1.0]]
[2019.05.22-16.31.09:739][  0]LogConfig: Applying CVar settings from Section [AntiAliasingQuality@3] File [C:/Users/u0718857/Documents/GitHub/Asset_Pipeline/EAE3010SUM_As1_G_C/Saved/Config/Windows/Scalability.ini]
[2019.05.22-16.31.09:739][  0]LogConfig: Setting CVar [[r.PostProcessAAQuality:4]]
[2019.05.22-16.31.09:739][  0]LogConfig: Applying CVar settings from Section [ShadowQuality@3] File [C:/Users/u0718857/Documents/GitHub/Asset_Pipeline/EAE3010SUM_As1_G_C/Saved/Config/Windows/Scalability.ini]
[2019.05.22-16.31.09:739][  0]LogConfig: Setting CVar [[r.LightFunctionQuality:1]]
[2019.05.22-16.31.09:739][  0]LogConfig: Setting CVar [[r.ShadowQuality:5]]
[2019.05.22-16.31.09:739][  0]LogConfig: Setting CVar [[r.Shadow.CSM.MaxCascades:10]]
[2019.05.22-16.31.09:739][  0]LogConfig: Setting CVar [[r.Shadow.MaxResolution:2048]]
[2019.05.22-16.31.09:739][  0]LogConfig: Setting CVar [[r.Shadow.MaxCSMResolution:2048]]
[2019.05.22-16.31.09:739][  0]LogConfig: Setting CVar [[r.Shadow.RadiusThreshold:0.01]]
[2019.05.22-16.31.09:739][  0]LogConfig: Setting CVar [[r.Shadow.DistanceScale:1.0]]
[2019.05.22-16.31.09:739][  0]LogConfig: Setting CVar [[r.Shadow.CSM.TransitionScale:1.0]]
[2019.05.22-16.31.09:739][  0]LogConfig: Setting CVar [[r.Shadow.PreShadowResolutionFactor:1.0]]
[2019.05.22-16.31.09:739][  0]LogConfig: Setting CVar [[r.DistanceFieldShadowing:1]]
[2019.05.22-16.31.09:739][  0]LogConfig: Setting CVar [[r.DistanceFieldAO:1]]
[2019.05.22-16.31.09:739][  0]LogConfig: Setting CVar [[r.AOQuality:2]]
[2019.05.22-16.31.09:739][  0]LogConfig: Setting CVar [[r.VolumetricFog:1]]
[2019.05.22-16.31.09:739][  0]LogConfig: Setting CVar [[r.VolumetricFog.GridPixelSize:8]]
[2019.05.22-16.31.09:739][  0]LogConfig: Setting CVar [[r.VolumetricFog.GridSizeZ:128]]
[2019.05.22-16.31.09:739][  0]LogConfig: Setting CVar [[r.VolumetricFog.HistoryMissSupersampleCount:4]]
[2019.05.22-16.31.09:740][  0]LogConfig: Setting CVar [[r.LightMaxDrawDistanceScale:1]]
[2019.05.22-16.31.09:740][  0]LogConfig: Setting CVar [[r.CapsuleShadows:1]]
[2019.05.22-16.31.09:740][  0]LogConfig: Applying CVar settings from Section [PostProcessQuality@3] File [C:/Users/u0718857/Documents/GitHub/Asset_Pipeline/EAE3010SUM_As1_G_C/Saved/Config/Windows/Scalability.ini]
[2019.05.22-16.31.09:740][  0]LogConfig: Setting CVar [[r.MotionBlurQuality:4]]
[2019.05.22-16.31.09:740][  0]LogConfig: Setting CVar [[r.AmbientOcclusionMipLevelFactor:0.4]]
[2019.05.22-16.31.09:740][  0]LogConfig: Setting CVar [[r.AmbientOcclusionMaxQuality:100]]
[2019.05.22-16.31.09:740][  0]LogConfig: Setting CVar [[r.AmbientOcclusionLevels:-1]]
[2019.05.22-16.31.09:740][  0]LogConfig: Setting CVar [[r.AmbientOcclusionRadiusScale:1.0]]
[2019.05.22-16.31.09:740][  0]LogConfig: Setting CVar [[r.DepthOfFieldQuality:2]]
[2019.05.22-16.31.09:740][  0]LogConfig: Setting CVar [[r.RenderTargetPoolMin:400]]
[2019.05.22-16.31.09:740][  0]LogConfig: Setting CVar [[r.LensFlareQuality:2]]
[2019.05.22-16.31.09:740][  0]LogConfig: Setting CVar [[r.SceneColorFringeQuality:1]]
[2019.05.22-16.31.09:740][  0]LogConfig: Setting CVar [[r.EyeAdaptationQuality:2]]
[2019.05.22-16.31.09:740][  0]LogConfig: Setting CVar [[r.BloomQuality:5]]
[2019.05.22-16.31.09:740][  0]LogConfig: Setting CVar [[r.FastBlurThreshold:100]]
[2019.05.22-16.31.09:740][  0]LogConfig: Setting CVar [[r.Upscale.Quality:3]]
[2019.05.22-16.31.09:740][  0]LogConfig: Setting CVar [[r.Tonemapper.GrainQuantization:1]]
[2019.05.22-16.31.09:740][  0]LogConfig: Setting CVar [[r.LightShaftQuality:1]]
[2019.05.22-16.31.09:740][  0]LogConfig: Setting CVar [[r.Filter.SizeScale:1]]
[2019.05.22-16.31.09:740][  0]LogConfig: Setting CVar [[r.Tonemapper.Quality:5]]
[2019.05.22-16.31.09:740][  0]LogConfig: Setting CVar [[r.DOF.Gather.AccumulatorQuality:1        ; higher gathering accumulator quality]]
[2019.05.22-16.31.09:740][  0]LogConfig: Setting CVar [[r.DOF.Gather.PostfilterMethod:1          ; Median3x3 postfilering method]]
[2019.05.22-16.31.09:740][  0]LogConfig: Setting CVar [[r.DOF.Gather.EnableBokehSettings:0       ; no bokeh simulation when gathering]]
[2019.05.22-16.31.09:740][  0]LogConfig: Setting CVar [[r.DOF.Gather.RingCount:4                 ; medium number of samples when gathering]]
[2019.05.22-16.31.09:740][  0]LogConfig: Setting CVar [[r.DOF.Scatter.ForegroundCompositing:1    ; additive foreground scattering]]
[2019.05.22-16.31.09:740][  0]LogConfig: Setting CVar [[r.DOF.Scatter.BackgroundCompositing:2    ; additive background scattering]]
[2019.05.22-16.31.09:740][  0]LogConfig: Setting CVar [[r.DOF.Scatter.EnableBokehSettings:1      ; bokeh simulation when scattering]]
[2019.05.22-16.31.09:740][  0]LogConfig: Setting CVar [[r.DOF.Scatter.MaxSpriteRatio:0.1         ; only a maximum of 10% of scattered bokeh]]
[2019.05.22-16.31.09:740][  0]LogConfig: Setting CVar [[r.DOF.Recombine.Quality:1                ; cheap slight out of focus]]
[2019.05.22-16.31.09:740][  0]LogConfig: Setting CVar [[r.DOF.Recombine.EnableBokehSettings:0    ; no bokeh simulation on slight out of focus]]
[2019.05.22-16.31.09:740][  0]LogConfig: Setting CVar [[r.DOF.TemporalAAQuality:1                ; more stable temporal accumulation]]
[2019.05.22-16.31.09:740][  0]LogConfig: Setting CVar [[r.DOF.Kernel.MaxForegroundRadius:0.025]]
[2019.05.22-16.31.09:740][  0]LogConfig: Setting CVar [[r.DOF.Kernel.MaxBackgroundRadius:0.025]]
[2019.05.22-16.31.09:740][  0]LogConfig: Applying CVar settings from Section [TextureQuality@3] File [C:/Users/u0718857/Documents/GitHub/Asset_Pipeline/EAE3010SUM_As1_G_C/Saved/Config/Windows/Scalability.ini]
[2019.05.22-16.31.09:740][  0]LogConfig: Setting CVar [[r.Streaming.MipBias:0]]
[2019.05.22-16.31.09:740][  0]LogConfig: Setting CVar [[r.Streaming.AmortizeCPUToGPUCopy:0]]
[2019.05.22-16.31.09:740][  0]LogConfig: Setting CVar [[r.Streaming.MaxNumTexturesToStreamPerFrame:0]]
[2019.05.22-16.31.09:740][  0]LogConfig: Setting CVar [[r.Streaming.Boost:1]]
[2019.05.22-16.31.09:740][  0]LogConfig: Setting CVar [[r.MaxAnisotropy:8]]
[2019.05.22-16.31.09:740][  0]LogConfig: Setting CVar [[r.Streaming.LimitPoolSizeToVRAM:0]]
[2019.05.22-16.31.09:740][  0]LogConfig: Setting CVar [[r.Streaming.PoolSize:1000]]
[2019.05.22-16.31.09:740][  0]LogConfig: Setting CVar [[r.Streaming.MaxEffectiveScreenSize:0]]
[2019.05.22-16.31.09:740][  0]LogConfig: Applying CVar settings from Section [EffectsQuality@3] File [C:/Users/u0718857/Documents/GitHub/Asset_Pipeline/EAE3010SUM_As1_G_C/Saved/Config/Windows/Scalability.ini]
[2019.05.22-16.31.09:740][  0]LogConfig: Setting CVar [[r.TranslucencyLightingVolumeDim:64]]
[2019.05.22-16.31.09:740][  0]LogConfig: Setting CVar [[r.RefractionQuality:2]]
[2019.05.22-16.31.09:740][  0]LogConfig: Setting CVar [[r.SSR.Quality:3]]
[2019.05.22-16.31.09:740][  0]LogConfig: Setting CVar [[r.SceneColorFormat:4]]
[2019.05.22-16.31.09:740][  0]LogConfig: Setting CVar [[r.DetailMode:2]]
[2019.05.22-16.31.09:740][  0]LogConfig: Setting CVar [[r.TranslucencyVolumeBlur:1]]
[2019.05.22-16.31.09:740][  0]LogConfig: Setting CVar [[r.MaterialQualityLevel:1 ; High quality]]
[2019.05.22-16.31.09:740][  0]LogConfig: Setting CVar [[r.SSS.Scale:1]]
[2019.05.22-16.31.09:740][  0]LogConfig: Setting CVar [[r.SSS.SampleSet:2]]
[2019.05.22-16.31.09:740][  0]LogConfig: Setting CVar [[r.SSS.Quality:1]]
[2019.05.22-16.31.09:740][  0]LogConfig: Setting CVar [[r.SSS.HalfRes:1]]
[2019.05.22-16.31.09:740][  0]LogConfig: Setting CVar [[r.EmitterSpawnRateScale:1.0]]
[2019.05.22-16.31.09:740][  0]LogConfig: Setting CVar [[r.ParticleLightQuality:2]]
[2019.05.22-16.31.09:740][  0]LogConfig: Applying CVar settings from Section [FoliageQuality@3] File [C:/Users/u0718857/Documents/GitHub/Asset_Pipeline/EAE3010SUM_As1_G_C/Saved/Config/Windows/Scalability.ini]
[2019.05.22-16.31.09:740][  0]LogConfig: Setting CVar [[foliage.DensityScale:1.0]]
[2019.05.22-16.31.09:740][  0]LogConfig: Setting CVar [[grass.DensityScale:1.0]]
[2019.05.22-16.31.09:740][  0]LogInit: Selected Device Profile: [Windows]
[2019.05.22-16.31.09:740][  0]LogInit: Applying CVar settings loaded from the selected device profile: [Windows]
[2019.05.22-16.31.09:753][  0]LogHAL: Display: Platform has ~ 16 GB [17095299072 / 17179869184 / 16], which maps to Larger [LargestMinGB=32, LargerMinGB=12, DefaultMinGB=8, SmallerMinGB=6, SmallestMinGB=0)
[2019.05.22-16.31.09:753][  0]LogConfig: Setting CVar [[r.Vulkan.UseRealUBs:1]]
[2019.05.22-16.31.09:753][  0]LogInit: Going up to parent DeviceProfile []
[2019.05.22-16.31.09:754][  0]LogConfig: Applying CVar settings from Section [ViewDistanceQuality@3] File [C:/Users/u0718857/Documents/GitHub/Asset_Pipeline/EAE3010SUM_As1_G_C/Saved/Config/Windows/Scalability.ini]
[2019.05.22-16.31.09:754][  0]LogConfig: Setting CVar [[r.SkeletalMeshLODBias:0]]
[2019.05.22-16.31.09:754][  0]LogConfig: Setting CVar [[r.ViewDistanceScale:1.0]]
[2019.05.22-16.31.09:754][  0]LogConfig: Applying CVar settings from Section [AntiAliasingQuality@3] File [C:/Users/u0718857/Documents/GitHub/Asset_Pipeline/EAE3010SUM_As1_G_C/Saved/Config/Windows/Scalability.ini]
[2019.05.22-16.31.09:754][  0]LogConfig: Setting CVar [[r.PostProcessAAQuality:4]]
[2019.05.22-16.31.09:754][  0]LogConfig: Applying CVar settings from Section [ShadowQuality@3] File [C:/Users/u0718857/Documents/GitHub/Asset_Pipeline/EAE3010SUM_As1_G_C/Saved/Config/Windows/Scalability.ini]
[2019.05.22-16.31.09:754][  0]LogConfig: Setting CVar [[r.LightFunctionQuality:1]]
[2019.05.22-16.31.09:754][  0]LogConfig: Setting CVar [[r.ShadowQuality:5]]
[2019.05.22-16.31.09:754][  0]LogConfig: Setting CVar [[r.Shadow.CSM.MaxCascades:10]]
[2019.05.22-16.31.09:754][  0]LogConfig: Setting CVar [[r.Shadow.MaxResolution:2048]]
[2019.05.22-16.31.09:754][  0]LogConfig: Setting CVar [[r.Shadow.MaxCSMResolution:2048]]
[2019.05.22-16.31.09:754][  0]LogConfig: Setting CVar [[r.Shadow.RadiusThreshold:0.01]]
[2019.05.22-16.31.09:754][  0]LogConfig: Setting CVar [[r.Shadow.DistanceScale:1.0]]
[2019.05.22-16.31.09:754][  0]LogConfig: Setting CVar [[r.Shadow.CSM.TransitionScale:1.0]]
[2019.05.22-16.31.09:754][  0]LogConfig: Setting CVar [[r.Shadow.PreShadowResolutionFactor:1.0]]
[2019.05.22-16.31.09:754][  0]LogConfig: Setting CVar [[r.DistanceFieldShadowing:1]]
[2019.05.22-16.31.09:754][  0]LogConfig: Setting CVar [[r.DistanceFieldAO:1]]
[2019.05.22-16.31.09:754][  0]LogConfig: Setting CVar [[r.AOQuality:2]]
[2019.05.22-16.31.09:754][  0]LogConfig: Setting CVar [[r.VolumetricFog:1]]
[2019.05.22-16.31.09:754][  0]LogConfig: Setting CVar [[r.VolumetricFog.GridPixelSize:8]]
[2019.05.22-16.31.09:754][  0]LogConfig: Setting CVar [[r.VolumetricFog.GridSizeZ:128]]
[2019.05.22-16.31.09:754][  0]LogConfig: Setting CVar [[r.VolumetricFog.HistoryMissSupersampleCount:4]]
[2019.05.22-16.31.09:754][  0]LogConfig: Setting CVar [[r.LightMaxDrawDistanceScale:1]]
[2019.05.22-16.31.09:754][  0]LogConfig: Setting CVar [[r.CapsuleShadows:1]]
[2019.05.22-16.31.09:754][  0]LogConfig: Applying CVar settings from Section [PostProcessQuality@3] File [C:/Users/u0718857/Documents/GitHub/Asset_Pipeline/EAE3010SUM_As1_G_C/Saved/Config/Windows/Scalability.ini]
[2019.05.22-16.31.09:754][  0]LogConfig: Setting CVar [[r.MotionBlurQuality:4]]
[2019.05.22-16.31.09:754][  0]LogConfig: Setting CVar [[r.AmbientOcclusionMipLevelFactor:0.4]]
[2019.05.22-16.31.09:754][  0]LogConfig: Setting CVar [[r.AmbientOcclusionMaxQuality:100]]
[2019.05.22-16.31.09:754][  0]LogConfig: Setting CVar [[r.AmbientOcclusionLevels:-1]]
[2019.05.22-16.31.09:754][  0]LogConfig: Setting CVar [[r.AmbientOcclusionRadiusScale:1.0]]
[2019.05.22-16.31.09:754][  0]LogConfig: Setting CVar [[r.DepthOfFieldQuality:2]]
[2019.05.22-16.31.09:754][  0]LogConfig: Setting CVar [[r.RenderTargetPoolMin:400]]
[2019.05.22-16.31.09:754][  0]LogConfig: Setting CVar [[r.LensFlareQuality:2]]
[2019.05.22-16.31.09:754][  0]LogConfig: Setting CVar [[r.SceneColorFringeQuality:1]]
[2019.05.22-16.31.09:754][  0]LogConfig: Setting CVar [[r.EyeAdaptationQuality:2]]
[2019.05.22-16.31.09:754][  0]LogConfig: Setting CVar [[r.BloomQuality:5]]
[2019.05.22-16.31.09:754][  0]LogConfig: Setting CVar [[r.FastBlurThreshold:100]]
[2019.05.22-16.31.09:754][  0]LogConfig: Setting CVar [[r.Upscale.Quality:3]]
[2019.05.22-16.31.09:754][  0]LogConfig: Setting CVar [[r.Tonemapper.GrainQuantization:1]]
[2019.05.22-16.31.09:754][  0]LogConfig: Setting CVar [[r.LightShaftQuality:1]]
[2019.05.22-16.31.09:754][  0]LogConfig: Setting CVar [[r.Filter.SizeScale:1]]
[2019.05.22-16.31.09:754][  0]LogConfig: Setting CVar [[r.Tonemapper.Quality:5]]
[2019.05.22-16.31.09:754][  0]LogConfig: Setting CVar [[r.DOF.Gather.AccumulatorQuality:1        ; higher gathering accumulator quality]]
[2019.05.22-16.31.09:754][  0]LogConfig: Setting CVar [[r.DOF.Gather.PostfilterMethod:1          ; Median3x3 postfilering method]]
[2019.05.22-16.31.09:754][  0]LogConfig: Setting CVar [[r.DOF.Gather.EnableBokehSettings:0       ; no bokeh simulation when gathering]]
[2019.05.22-16.31.09:754][  0]LogConfig: Setting CVar [[r.DOF.Gather.RingCount:4                 ; medium number of samples when gathering]]
[2019.05.22-16.31.09:754][  0]LogConfig: Setting CVar [[r.DOF.Scatter.ForegroundCompositing:1    ; additive foreground scattering]]
[2019.05.22-16.31.09:754][  0]LogConfig: Setting CVar [[r.DOF.Scatter.BackgroundCompositing:2    ; additive background scattering]]
[2019.05.22-16.31.09:754][  0]LogConfig: Setting CVar [[r.DOF.Scatter.EnableBokehSettings:1      ; bokeh simulation when scattering]]
[2019.05.22-16.31.09:754][  0]LogConfig: Setting CVar [[r.DOF.Scatter.MaxSpriteRatio:0.1         ; only a maximum of 10% of scattered bokeh]]
[2019.05.22-16.31.09:754][  0]LogConfig: Setting CVar [[r.DOF.Recombine.Quality:1                ; cheap slight out of focus]]
[2019.05.22-16.31.09:754][  0]LogConfig: Setting CVar [[r.DOF.Recombine.EnableBokehSettings:0    ; no bokeh simulation on slight out of focus]]
[2019.05.22-16.31.09:754][  0]LogConfig: Setting CVar [[r.DOF.TemporalAAQuality:1                ; more stable temporal accumulation]]
[2019.05.22-16.31.09:754][  0]LogConfig: Setting CVar [[r.DOF.Kernel.MaxForegroundRadius:0.025]]
[2019.05.22-16.31.09:754][  0]LogConfig: Setting CVar [[r.DOF.Kernel.MaxBackgroundRadius:0.025]]
[2019.05.22-16.31.09:754][  0]LogConfig: Applying CVar settings from Section [TextureQuality@3] File [C:/Users/u0718857/Documents/GitHub/Asset_Pipeline/EAE3010SUM_As1_G_C/Saved/Config/Windows/Scalability.ini]
[2019.05.22-16.31.09:754][  0]LogConfig: Setting CVar [[r.Streaming.MipBias:0]]
[2019.05.22-16.31.09:754][  0]LogConfig: Setting CVar [[r.Streaming.AmortizeCPUToGPUCopy:0]]
[2019.05.22-16.31.09:754][  0]LogConfig: Setting CVar [[r.Streaming.MaxNumTexturesToStreamPerFrame:0]]
[2019.05.22-16.31.09:754][  0]LogConfig: Setting CVar [[r.Streaming.Boost:1]]
[2019.05.22-16.31.09:754][  0]LogConfig: Setting CVar [[r.MaxAnisotropy:8]]
[2019.05.22-16.31.09:754][  0]LogConfig: Setting CVar [[r.Streaming.LimitPoolSizeToVRAM:0]]
[2019.05.22-16.31.09:754][  0]LogConfig: Setting CVar [[r.Streaming.PoolSize:1000]]
[2019.05.22-16.31.09:754][  0]LogConfig: Setting CVar [[r.Streaming.MaxEffectiveScreenSize:0]]
[2019.05.22-16.31.09:754][  0]LogConfig: Applying CVar settings from Section [EffectsQuality@3] File [C:/Users/u0718857/Documents/GitHub/Asset_Pipeline/EAE3010SUM_As1_G_C/Saved/Config/Windows/Scalability.ini]
[2019.05.22-16.31.09:754][  0]LogConfig: Setting CVar [[r.TranslucencyLightingVolumeDim:64]]
[2019.05.22-16.31.09:754][  0]LogConfig: Setting CVar [[r.RefractionQuality:2]]
[2019.05.22-16.31.09:754][  0]LogConfig: Setting CVar [[r.SSR.Quality:3]]
[2019.05.22-16.31.09:754][  0]LogConfig: Setting CVar [[r.SceneColorFormat:4]]
[2019.05.22-16.31.09:754][  0]LogConfig: Setting CVar [[r.DetailMode:2]]
[2019.05.22-16.31.09:754][  0]LogConfig: Setting CVar [[r.TranslucencyVolumeBlur:1]]
[2019.05.22-16.31.09:754][  0]LogConfig: Setting CVar [[r.MaterialQualityLevel:1 ; High quality]]
[2019.05.22-16.31.09:754][  0]LogConfig: Setting CVar [[r.SSS.Scale:1]]
[2019.05.22-16.31.09:754][  0]LogConfig: Setting CVar [[r.SSS.SampleSet:2]]
[2019.05.22-16.31.09:754][  0]LogConfig: Setting CVar [[r.SSS.Quality:1]]
[2019.05.22-16.31.09:754][  0]LogConfig: Setting CVar [[r.SSS.HalfRes:1]]
[2019.05.22-16.31.09:754][  0]LogConfig: Setting CVar [[r.EmitterSpawnRateScale:1.0]]
[2019.05.22-16.31.09:754][  0]LogConfig: Setting CVar [[r.ParticleLightQuality:2]]
[2019.05.22-16.31.09:754][  0]LogConfig: Applying CVar settings from Section [FoliageQuality@3] File [C:/Users/u0718857/Documents/GitHub/Asset_Pipeline/EAE3010SUM_As1_G_C/Saved/Config/Windows/Scalability.ini]
[2019.05.22-16.31.09:754][  0]LogConfig: Setting CVar [[foliage.DensityScale:1.0]]
[2019.05.22-16.31.09:754][  0]LogConfig: Setting CVar [[grass.DensityScale:1.0]]
[2019.05.22-16.31.09:754][  0]LogConfig: Applying CVar settings from Section [Startup] File [../../../Engine/Config/ConsoleVariables.ini]
[2019.05.22-16.31.09:757][  0]LogConfig: Setting CVar [[net.UseAdaptiveNetUpdateFrequency:0]]
[2019.05.22-16.31.09:757][  0]LogConfig: Applying CVar settings from Section [ConsoleVariables] File [C:/Users/u0718857/Documents/GitHub/Asset_Pipeline/EAE3010SUM_As1_G_C/Saved/Config/Windows/Engine.ini]
[2019.05.22-16.31.09:757][  0]LogInit: Computer: eae-n-001
[2019.05.22-16.31.09:757][  0]LogInit: User: u0718857
[2019.05.22-16.31.09:757][  0]LogInit: CPU Page size=4096, Cores=4
[2019.05.22-16.31.09:757][  0]LogInit: High frequency timer resolution =3.023436 MHz
[2019.05.22-16.31.09:757][  0]LogMemory: Memory total: Physical=15.9GB (16GB approx)
[2019.05.22-16.31.09:758][  0]LogMemory: Platform Memory Stats for Windows
[2019.05.22-16.31.09:758][  0]LogMemory: Process Physical Memory: 101.97 MB used, 101.97 MB peak
[2019.05.22-16.31.09:758][  0]LogMemory: Process Virtual Memory: 91.30 MB used, 91.30 MB peak
[2019.05.22-16.31.09:758][  0]LogMemory: Physical Memory: 4486.03 MB used,  11817.32 MB free, 16303.35 MB total
[2019.05.22-16.31.09:758][  0]LogMemory: Virtual Memory: 4647.91 MB used,  134213080.00 MB free, 134217728.00 MB total
[2019.05.22-16.31.09:885][  0]LogInit: Using OS detected language (en-US).
[2019.05.22-16.31.09:885][  0]LogInit: Using OS detected locale (en-US).
[2019.05.22-16.31.09:886][  0]LogTextLocalizationManager: No specific localization for 'en-US' exists, so the 'en' localization will be used.
[2019.05.22-16.31.10:261][  0]LogStreaming: Display: Took  0.375s to InitEngineTextLocalization.
[2019.05.22-16.31.10:261][  0]LogInit: Setting process to per monitor DPI aware
[2019.05.22-16.31.10:314][  0]LogSlate: New Slate User Created.  User Index 0, Is Virtual User: 0
[2019.05.22-16.31.10:314][  0]LogSlate: Slate User Registered.  User Index 0, Is Virtual User: 0
[2019.05.22-16.31.11:663][  0]LogHMD: Failed to initialize OpenVR with code 110
[2019.05.22-16.31.11:663][  0]LogD3D11RHI: D3D11 adapters:
[2019.05.22-16.31.11:711][  0]LogD3D11RHI:    0. 'Radeon RX Vega M GH Graphics' (Feature Level 11_0)
[2019.05.22-16.31.11:711][  0]LogD3D11RHI:       4042/0/8151 MB DedicatedVideo/DedicatedSystem/SharedSystem, Outputs:1, VendorId:0x1002
[2019.05.22-16.31.11:737][  0]LogD3D11RHI:    1. 'Intel(R) HD Graphics 630' (Feature Level 11_0)
[2019.05.22-16.31.11:737][  0]LogD3D11RHI:       128/0/8151 MB DedicatedVideo/DedicatedSystem/SharedSystem, Outputs:0, VendorId:0x8086
[2019.05.22-16.31.11:739][  0]LogD3D11RHI:    2. 'Microsoft Basic Render Driver' (Feature Level 11_0)
[2019.05.22-16.31.11:739][  0]LogD3D11RHI:       0/0/8151 MB DedicatedVideo/DedicatedSystem/SharedSystem, Outputs:0, VendorId:0x1414
[2019.05.22-16.31.11:739][  0]LogD3D11RHI: Chosen D3D11 Adapter: 0
[2019.05.22-16.31.11:745][  0]LogD3D11RHI: Creating new Direct3DDevice
[2019.05.22-16.31.11:745][  0]LogD3D11RHI:     GPU DeviceId: 0x694c (for the marketing name, search the web for "GPU Device Id")
[2019.05.22-16.31.11:745][  0]LogWindows: EnumDisplayDevices:
[2019.05.22-16.31.11:745][  0]LogWindows:    0. 'Radeon RX Vega M GH Graphics' (P:1 D:1)
[2019.05.22-16.31.11:745][  0]LogWindows:    1. 'Radeon RX Vega M GH Graphics' (P:0 D:0)
[2019.05.22-16.31.11:746][  0]LogWindows:    2. 'Radeon RX Vega M GH Graphics' (P:0 D:0)
[2019.05.22-16.31.11:746][  0]LogWindows:    3. 'Radeon RX Vega M GH Graphics' (P:0 D:0)
[2019.05.22-16.31.11:746][  0]LogWindows:    4. 'Radeon RX Vega M GH Graphics' (P:0 D:0)
[2019.05.22-16.31.11:746][  0]LogWindows:    5. 'Radeon RX Vega M GH Graphics' (P:0 D:0)
[2019.05.22-16.31.11:746][  0]LogWindows:    6. 'Radeon RX Vega M GH Graphics' (P:0 D:0)
[2019.05.22-16.31.11:747][  0]LogWindows:    7. 'Radeon RX Vega M GH Graphics' (P:0 D:0)
[2019.05.22-16.31.11:747][  0]LogWindows:    8. 'Intel(R) HD Graphics 630' (P:0 D:0)
[2019.05.22-16.31.11:747][  0]LogWindows:    9. 'Intel(R) HD Graphics 630' (P:0 D:0)
[2019.05.22-16.31.11:747][  0]LogWindows: DebugString: PrimaryIsNotTheChoosenAdapter PrimaryIsNotTheChoosenAdapter FoundDriverCount:8 
[2019.05.22-16.31.11:747][  0]LogD3D11RHI:     Adapter Name: Radeon RX Vega M GH Graphics
[2019.05.22-16.31.11:747][  0]LogD3D11RHI:   Driver Version: Adrenalin 19 18.12.2 (internal:25.20.15002.58, unified:25.20.15002.58)
[2019.05.22-16.31.11:747][  0]LogD3D11RHI:      Driver Date: 12-6-2018
[2019.05.22-16.31.11:747][  0]LogRHI: Texture pool is 2829 MB (70% of 4042 MB)
[2019.05.22-16.31.11:841][  0]LogD3D11RHI: Async texture creation enabled
[2019.05.22-16.31.11:854][  0]LogD3D11RHI: GPU Timing Frequency: 25.000000 (Debug: 2 1)
[2019.05.22-16.31.12:135][  0]LogTemp: Display: Loaded TP AllDesktopTargetPlatform
[2019.05.22-16.31.12:145][  0]LogTemp: Display: Loaded TP MacClientTargetPlatform
[2019.05.22-16.31.12:156][  0]LogTemp: Display: Loaded TP MacNoEditorTargetPlatform
[2019.05.22-16.31.12:167][  0]LogTemp: Display: Loaded TP MacServerTargetPlatform
[2019.05.22-16.31.12:181][  0]LogTemp: Display: Loaded TP MacTargetPlatform
[2019.05.22-16.31.12:192][  0]LogTemp: Display: Loaded TP WindowsClientTargetPlatform
[2019.05.22-16.31.12:203][  0]LogTemp: Display: Loaded TP WindowsNoEditorTargetPlatform
[2019.05.22-16.31.12:214][  0]LogTemp: Display: Loaded TP WindowsServerTargetPlatform
[2019.05.22-16.31.12:220][  0]LogTemp: Display: Loaded TP WindowsTargetPlatform
[2019.05.22-16.31.12:282][  0]LogTemp: Display: Loaded TP AndroidTargetPlatform
[2019.05.22-16.31.12:282][  0]LogTemp: Display: Loaded TP AndroidTargetPlatform
[2019.05.22-16.31.12:282][  0]LogTemp: Display: Loaded TP AndroidTargetPlatform
[2019.05.22-16.31.12:282][  0]LogTemp: Display: Loaded TP AndroidTargetPlatform
[2019.05.22-16.31.12:282][  0]LogTemp: Display: Loaded TP AndroidTargetPlatform
[2019.05.22-16.31.12:282][  0]LogTemp: Display: Loaded TP AndroidTargetPlatform
[2019.05.22-16.31.12:282][  0]LogTemp: Display: Loaded TP AndroidTargetPlatform
[2019.05.22-16.31.12:282][  0]LogTemp: Display: Loaded TP AndroidTargetPlatform
[2019.05.22-16.31.12:282][  0]LogTemp: Display: Loaded TP AndroidTargetPlatform
[2019.05.22-16.31.12:282][  0]LogTemp: Display: Loaded TP AndroidTargetPlatform
[2019.05.22-16.31.12:282][  0]LogTemp: Display: Loaded TP AndroidTargetPlatform
[2019.05.22-16.31.12:282][  0]LogTemp: Display: Loaded TP AndroidTargetPlatform
[2019.05.22-16.31.12:282][  0]LogTemp: Display: Loaded TP AndroidTargetPlatform
[2019.05.22-16.31.12:282][  0]LogTemp: Display: Loaded TP AndroidTargetPlatform
[2019.05.22-16.31.12:282][  0]LogTemp: Display: Loaded TP AndroidTargetPlatform
[2019.05.22-16.31.12:282][  0]LogTemp: Display: Loaded TP AndroidTargetPlatform
[2019.05.22-16.31.12:282][  0]LogTemp: Display: Loaded TP AndroidTargetPlatform
[2019.05.22-16.31.12:282][  0]LogTemp: Display: Loaded TP AndroidTargetPlatform
[2019.05.22-16.31.12:284][  0]LogTemp: Display: Loaded TP HTML5TargetPlatform
[2019.05.22-16.31.12:344][  0]LogTemp: Display: Loaded TP IOSTargetPlatform
[2019.05.22-16.31.12:344][  0]LogTemp: Display: Loaded TP IOSTargetPlatform
[2019.05.22-16.31.12:363][  0]LogTemp: Display: Loaded TP TVOSTargetPlatform
[2019.05.22-16.31.12:363][  0]LogTemp: Display: Loaded TP TVOSTargetPlatform
[2019.05.22-16.31.12:373][  0]LogTemp: Display: Loaded TP LinuxClientTargetPlatform
[2019.05.22-16.31.12:383][  0]LogTemp: Display: Loaded TP LinuxNoEditorTargetPlatform
[2019.05.22-16.31.12:393][  0]LogTemp: Display: Loaded TP LinuxServerTargetPlatform
[2019.05.22-16.31.12:408][  0]LogTemp: Display: Loaded TP LinuxTargetPlatform
[2019.05.22-16.31.12:446][  0]LogTemp: Display: Loaded TP LuminTargetPlatform
[2019.05.22-16.31.12:446][  0]LogTemp: Display: Loaded TP LuminTargetPlatform
[2019.05.22-16.31.12:446][  0]LogTargetPlatformManager: Display: Building Assets For Windows
[2019.05.22-16.31.12:551][  0]LogShaderCompilers: Guid format shader working directory is -34 characters bigger than the processId version (../../../../../../Users/u0718857/Documents/GitHub/Asset_Pipeline/EAE3010SUM_As1_G_C/Intermediate/Shaders/WorkingDirectory/8312/).
[2019.05.22-16.31.12:551][  0]LogShaderCompilers: Cleaned the shader compiler working directory 'C:/Users/u0718857/AppData/Local/Temp/UnrealShaderWorkingDir/1F1541A045556F5CE16631AD91390A3E/'.
[2019.05.22-16.31.12:553][  0]LogXGEController: Cleaning working directory: C:/Users/u0718857/AppData/Local/Temp/UnrealXGEWorkingDir/
[2019.05.22-16.31.12:553][  0]LogXGEController: Cannot use XGE Controller as Incredibuild is not installed on this machine.
[2019.05.22-16.31.12:553][  0]LogShaderCompilers: Cannot use XGE Shader Compiler as Incredibuild is not installed on this machine.
[2019.05.22-16.31.12:553][  0]LogShaderCompilers: Display: Using Local Shader Compiler.
[2019.05.22-16.31.13:676][  0]LogDerivedDataCache: Display: Max Cache Size: 512 MB
[2019.05.22-16.31.13:739][  0]LogDerivedDataCache: Loaded boot cache 0.06s 71MB C:/Users/u0718857/AppData/Local/UnrealEngine/4.21/DerivedDataCache/Boot.ddc.
[2019.05.22-16.31.13:739][  0]LogDerivedDataCache: Display: Loaded Boot cache: C:/Users/u0718857/AppData/Local/UnrealEngine/4.21/DerivedDataCache/Boot.ddc
[2019.05.22-16.31.13:739][  0]LogDerivedDataCache: FDerivedDataBackendGraph:  Pak pak cache file ../../../../../../Users/u0718857/Documents/GitHub/Asset_Pipeline/EAE3010SUM_As1_G_C/DerivedDataCache/DDC.ddp not found, will not use a pak cache.
[2019.05.22-16.31.13:739][  0]LogDerivedDataCache: Unable to find inner node Pak for hierarchical cache Hierarchy.
[2019.05.22-16.31.13:739][  0]LogDerivedDataCache: FDerivedDataBackendGraph:  CompressedPak pak cache file ../../../../../../Users/u0718857/Documents/GitHub/Asset_Pipeline/EAE3010SUM_As1_G_C/DerivedDataCache/Compressed.ddp not found, will not use a pak cache.
[2019.05.22-16.31.13:739][  0]LogDerivedDataCache: Unable to find inner node CompressedPak for hierarchical cache Hierarchy.
[2019.05.22-16.31.13:758][  0]LogDerivedDataCache: Display: Pak cache opened for reading ../../../Engine/DerivedDataCache/Compressed.ddp.
[2019.05.22-16.31.13:758][  0]LogDerivedDataCache: FDerivedDataBackendGraph:  EnterprisePak pak cache file ../../../Enterprise/DerivedDataCache/Compressed.ddp not found, will not use a pak cache.
[2019.05.22-16.31.13:758][  0]LogDerivedDataCache: Unable to find inner node EnterprisePak for hierarchical cache Hierarchy.
[2019.05.22-16.31.13:770][  0]LogDerivedDataCache: Using Local data cache path C:/Users/u0718857/AppData/Local/UnrealEngine/Common/DerivedDataCache: Writable
[2019.05.22-16.31.13:770][  0]LogDerivedDataCache: Shared data cache path not found in *engine.ini, will not use an Shared cache.
[2019.05.22-16.31.13:770][  0]LogDerivedDataCache: Unable to find inner node Shared for hierarchical cache Hierarchy.
[2019.05.22-16.31.13:791][  0]LogMaterial: Verifying Global Shaders for PCD3D_SM5
[2019.05.22-16.31.13:792][  0]LogSlate: Using FreeType 2.6.0
[2019.05.22-16.31.13:799][  0]LogSlate: SlateFontServices - WITH_FREETYPE: 1, WITH_HARFBUZZ: 1
[2019.05.22-16.31.14:012][  0]LogAssetRegistry: FAssetRegistry took 0.0326 seconds to start up
[2019.05.22-16.31.14:302][  0]LogInit: Selected Device Profile: [Windows]
[2019.05.22-16.31.14:490][  0]LogSimplygon: Simplygon DLL not present - disabling.
[2019.05.22-16.31.14:494][  0]LogMeshReduction: Using SimplygonSwarm for distributed automatic mesh merging
[2019.05.22-16.31.14:494][  0]LogMeshReduction: Using ProxyLODMeshReduction for automatic mesh merging
[2019.05.22-16.31.14:494][  0]LogMeshReduction: Using QuadricMeshReduction for automatic static mesh reduction
[2019.05.22-16.31.14:494][  0]LogMeshReduction: No automatic skeletal mesh reduction module available
[2019.05.22-16.31.14:521][  0]LogNetVersion: EAE3010SUM_As1_G_C 1.0.0, NetCL: 4541578, EngineNetVer: 5, GameNetVer: 0 (Checksum: 4229511650)
[2019.05.22-16.31.15:322][  0]LogPackageLocalizationCache: Processed 11 localized package path(s) for 2 prioritized culture(s) in 0.100965 seconds
[2019.05.22-16.31.15:327][  0]LogUObjectArray: 39775 objects as part of root set at end of initial load.
[2019.05.22-16.31.15:327][  0]LogUObjectAllocator: 6914664 out of 0 bytes used by permanent object pool.
[2019.05.22-16.31.15:327][  0]LogUObjectArray: CloseDisregardForGC: 0/0 objects in disregard for GC pool
[2019.05.22-16.31.17:460][  0]LogTcpMessaging: Initializing TcpMessaging bridge
[2019.05.22-16.31.17:474][  0]LogUdpMessaging: Initializing bridge on interface 0.0.0.0:0 to multicast group 230.0.0.1:6666.
[2019.05.22-16.31.18:143][  0]SourceControl: Source control is disabled
[2019.05.22-16.31.18:143][  0]SourceControl: Source control is disabled
[2019.05.22-16.31.18:144][  0]SourceControl: Source control is disabled
[2019.05.22-16.31.18:145][  0]SourceControl: Source control is disabled
[2019.05.22-16.31.18:325][  0]LogAndroidPermission: UAndroidPermissionCallbackProxy::GetInstance
[2019.05.22-16.31.18:404][  0]LogOcInput: OculusInput pre-init called
[2019.05.22-16.31.18:540][  0]LogEngine: Initializing Engine...
[2019.05.22-16.31.18:540][  0]LogHMD: Failed to initialize OpenVR with code 110
[2019.05.22-16.31.18:541][  0]LogStats: UGameplayTagsManager::ConstructGameplayTagTree: ImportINI prefixes -  0.000 s
[2019.05.22-16.31.18:541][  0]LogStats: UGameplayTagsManager::ConstructGameplayTagTree: Construct from data asset -  0.000 s
[2019.05.22-16.31.18:541][  0]LogStats: UGameplayTagsManager::ConstructGameplayTagTree: ImportINI -  0.000 s
[2019.05.22-16.31.18:541][  0]LogStats: UGameplayTagsManager::ConstructGameplayTagTree: GameplayTagTreeChangedEvent.Broadcast -  0.000 s
[2019.05.22-16.31.18:761][  0]LogInit: Initializing FReadOnlyCVARCache
[2019.05.22-16.31.18:775][  0]LogAIModule: Creating AISystem for world Untitled
[2019.05.22-16.31.18:820][  0]LogInit: XAudio2 using '1 - CintiqPro24P (AMD High Definition Audio Device)' : 2 channels at 48 kHz using 16 bits per sample (channel mask 0x3)
[2019.05.22-16.31.18:874][  0]LogInit: FAudioDevice initialized.
[2019.05.22-16.31.18:874][  0]LogNetVersion: Set ProjectVersion to 1.0.0.0. Version Checksum will be recalculated on next use.
[2019.05.22-16.31.18:953][  0]LogDerivedDataCache: Saved boot cache 0.08s 71MB C:/Users/u0718857/AppData/Local/UnrealEngine/4.21/DerivedDataCache/Boot.ddc.
[2019.05.22-16.31.18:957][  0]LogInit: Texture streaming: Enabled
[2019.05.22-16.31.18:977][  0]LogEngineSessionManager: EngineSessionManager initialized
[2019.05.22-16.31.18:978][  0]LogEngineSessionManager: EngineSessionManager sent abnormal shutdown report. Type=AbnormalShutdown, SessionId={61D068FC-4776-D9AB-899B-CB9ED534AD1A}
[2019.05.22-16.31.18:996][  0]LogInit: Transaction tracking system initialized
[2019.05.22-16.31.19:024][  0]BlueprintLog: New page: Editor Load
[2019.05.22-16.31.19:110][  0]LocalizationService: Localization service is disabled
[2019.05.22-16.31.19:550][  0]LogFileCache: Scanning file cache for directory 'C:/Users/u0718857/Documents/GitHub/Asset_Pipeline/EAE3010SUM_As1_G_C/Content/' took 0.02s
[2019.05.22-16.31.19:550][  0]LogCook: Display: Max memory allowance for cook 16384mb min free memory 0mb
[2019.05.22-16.31.19:550][  0]LogCook: Display: Mobile HDR setting 1
[2019.05.22-16.31.19:550][  0]LogGameplayTags: Display: UGameplayTagsManager::DoneAddingNativeTags. DelegateIsBound: 0
[2019.05.22-16.31.19:550][  0]LogStats: UGameplayTagsManager::ConstructGameplayTagTree: ImportINI prefixes -  0.000 s
[2019.05.22-16.31.19:550][  0]LogStats: UGameplayTagsManager::ConstructGameplayTagTree: Construct from data asset -  0.000 s
[2019.05.22-16.31.19:550][  0]LogStats: UGameplayTagsManager::ConstructGameplayTagTree: ImportINI -  0.000 s
[2019.05.22-16.31.19:550][  0]LogStats: UGameplayTagsManager::ConstructGameplayTagTree: GameplayTagTreeChangedEvent.Broadcast -  0.000 s
[2019.05.22-16.31.19:709][  0]SourceControl: Source control is disabled
[2019.05.22-16.31.19:709][  0]Cmd: MAP LOAD FILE="../../../Engine/Content/Maps/Templates/Template_Default.umap" TEMPLATE=1 SHOWPROGRESS=1 FEATURELEVEL=3
[2019.05.22-16.31.19:709][  0]LightingResults: New page: Lighting Build
[2019.05.22-16.31.19:711][  0]MapCheck: New page: Map Check
[2019.05.22-16.31.19:711][  0]LightingResults: New page: Lighting Build
[2019.05.22-16.31.19:860][  0]LogAIModule: Creating AISystem for world Untitled_1
[2019.05.22-16.31.19:866][  0]LogEditorServer: Finished looking for orphan Actors (0.000 secs)
[2019.05.22-16.31.19:886][  0]Cmd: MAP CHECKDEP NOCLEARLOG
[2019.05.22-16.31.19:887][  0]MapCheck: Map check complete: 0 Error(s), 0 Warning(s), took 0.257ms to complete.
[2019.05.22-16.31.19:887][  0]LogFileHelpers: Loading map 'Template_Default' took 0.178
[2019.05.22-16.31.19:997][  0]LogSlate: Updating window title bar state: overlay mode, drag disabled, window buttons hidden, title bar hidden
[2019.05.22-16.31.20:005][  0]LogSlate: Updating window title bar state: overlay mode, drag disabled, window buttons hidden, title bar hidden
[2019.05.22-16.31.20:011][  0]LogSlate: Updating window title bar state: overlay mode, drag disabled, window buttons hidden, title bar hidden
[2019.05.22-16.31.20:018][  0]LogSlate: Updating window title bar state: overlay mode, drag disabled, window buttons hidden, title bar hidden
[2019.05.22-16.31.20:028][  0]LogCollectionManager: Loaded 0 collections in 0.001997 seconds
[2019.05.22-16.31.20:044][  0]LogFileCache: Scanning file cache for directory 'C:/Users/u0718857/Documents/GitHub/Asset_Pipeline/EAE3010SUM_As1_G_C/Saved/Collections/' took 0.01s
[2019.05.22-16.31.20:044][  0]LogFileCache: Scanning file cache for directory 'C:/Users/u0718857/Documents/GitHub/Asset_Pipeline/EAE3010SUM_As1_G_C/Content/Developers/u0718857/Collections/' took 0.00s
[2019.05.22-16.31.20:044][  0]LogFileCache: Scanning file cache for directory 'C:/Users/u0718857/Documents/GitHub/Asset_Pipeline/EAE3010SUM_As1_G_C/Content/Collections/' took 0.00s
[2019.05.22-16.31.20:044][  0]LogCollectionManager: Rebuilt the GUID cache for 0 collections in 0.000001 seconds
[2019.05.22-16.31.20:053][  0]LogContentBrowser: Native class hierarchy populated in 0.0082 seconds. Added 2651 classes and 620 folders.
[2019.05.22-16.31.20:060][  0]LogContentBrowser: Native class hierarchy updated for 'WidgetCarousel' in 0.0002 seconds. Added 0 classes and 0 folders.
[2019.05.22-16.31.20:065][  0]LogPakFile: Registered encryption key '00000000000000000000000000000000': 0 pak files mounted, 0 remain pending
[2019.05.22-16.31.20:071][  0]LogPakFile: Registered encryption key '00000000000000000000000000000000': 0 pak files mounted, 0 remain pending
[2019.05.22-16.31.20:082][  0]LogPakFile: Registered encryption key '00000000000000000000000000000000': 0 pak files mounted, 0 remain pending
[2019.05.22-16.31.20:085][  0]LogPakFile: Registered encryption key '00000000000000000000000000000000': 0 pak files mounted, 0 remain pending
[2019.05.22-16.31.20:089][  0]LogPakFile: Registered encryption key '00000000000000000000000000000000': 0 pak files mounted, 0 remain pending
[2019.05.22-16.31.20:092][  0]LogPakFile: Registered encryption key '00000000000000000000000000000000': 0 pak files mounted, 0 remain pending
[2019.05.22-16.31.20:096][  0]LogPakFile: Registered encryption key '00000000000000000000000000000000': 0 pak files mounted, 0 remain pending
[2019.05.22-16.31.20:100][  0]LogPakFile: Registered encryption key '00000000000000000000000000000000': 0 pak files mounted, 0 remain pending
[2019.05.22-16.31.20:104][  0]LogPakFile: Registered encryption key '00000000000000000000000000000000': 0 pak files mounted, 0 remain pending
[2019.05.22-16.31.20:108][  0]LogPakFile: Registered encryption key '00000000000000000000000000000000': 0 pak files mounted, 0 remain pending
[2019.05.22-16.31.20:111][  0]LogPakFile: Registered encryption key '00000000000000000000000000000000': 0 pak files mounted, 0 remain pending
[2019.05.22-16.31.20:114][  0]LogPakFile: Registered encryption key '00000000000000000000000000000000': 0 pak files mounted, 0 remain pending
[2019.05.22-16.31.20:118][  0]LogPakFile: Registered encryption key '00000000000000000000000000000000': 0 pak files mounted, 0 remain pending
[2019.05.22-16.31.20:122][  0]LogPakFile: Registered encryption key '00000000000000000000000000000000': 0 pak files mounted, 0 remain pending
[2019.05.22-16.31.20:125][  0]LogPakFile: Registered encryption key '00000000000000000000000000000000': 0 pak files mounted, 0 remain pending
[2019.05.22-16.31.20:130][  0]LogPakFile: Registered encryption key '00000000000000000000000000000000': 0 pak files mounted, 0 remain pending
[2019.05.22-16.31.20:151][  0]LogPakFile: Registered encryption key '00000000000000000000000000000000': 0 pak files mounted, 0 remain pending
[2019.05.22-16.31.20:155][  0]LogPakFile: Registered encryption key '00000000000000000000000000000000': 0 pak files mounted, 0 remain pending
[2019.05.22-16.31.20:159][  0]LogPakFile: Registered encryption key '00000000000000000000000000000000': 0 pak files mounted, 0 remain pending
[2019.05.22-16.31.20:163][  0]LogPakFile: Registered encryption key '00000000000000000000000000000000': 0 pak files mounted, 0 remain pending
[2019.05.22-16.31.20:184][  0]LogPakFile: Registered encryption key '00000000000000000000000000000000': 0 pak files mounted, 0 remain pending
[2019.05.22-16.31.20:188][  0]LogPakFile: Registered encryption key '00000000000000000000000000000000': 0 pak files mounted, 0 remain pending
[2019.05.22-16.31.20:191][  0]LogPakFile: Registered encryption key '00000000000000000000000000000000': 0 pak files mounted, 0 remain pending
[2019.05.22-16.31.20:194][  0]LogPakFile: Registered encryption key '00000000000000000000000000000000': 0 pak files mounted, 0 remain pending
[2019.05.22-16.31.20:198][  0]LogPakFile: Registered encryption key '00000000000000000000000000000000': 0 pak files mounted, 0 remain pending
[2019.05.22-16.31.20:201][  0]LogPakFile: Registered encryption key '00000000000000000000000000000000': 0 pak files mounted, 0 remain pending
[2019.05.22-16.31.20:303][  0]LogContentBrowser: Native class hierarchy updated for 'AddContentDialog' in 0.0002 seconds. Added 0 classes and 0 folders.
[2019.05.22-16.31.20:308][  0]LogContentBrowser: Native class hierarchy updated for 'SceneOutliner' in 0.0003 seconds. Added 1 classes and 2 folders.
[2019.05.22-16.31.20:333][  0]LogSlate: Took 0.004247 seconds to synchronously load lazily loaded font '../../../Engine/Content/Slate/Fonts/Roboto-Regular.ttf' (155K)
[2019.05.22-16.31.20:338][  0]LogSlate: Took 0.003691 seconds to synchronously load lazily loaded font '../../../Engine/Content/Slate/Fonts/Roboto-Bold.ttf' (160K)
[2019.05.22-16.31.20:347][  0]LogSlate: Took 0.003661 seconds to synchronously load lazily loaded font '../../../Engine/Content/Editor/Slate/Fonts/FontAwesome.ttf' (139K)
[2019.05.22-16.31.20:441][  0]LogRenderer: Reallocating scene render targets to support 1208x576 Format 10 NumSamples 1 (Frame:1).
[2019.05.22-16.31.20:628][  0]LogContentBrowser: Native class hierarchy updated for 'HierarchicalLODOutliner' in 0.0002 seconds. Added 0 classes and 0 folders.
[2019.05.22-16.31.20:628][  0]LogLoad: (Engine Initialization) Total time: 13.17 seconds
[2019.05.22-16.31.20:628][  0]LogLoad: (Engine Initialization) Total Blueprint compile time: 0.00 seconds
[2019.05.22-16.31.20:693][  0]LogContentStreaming: Texture pool size now 1000 MB
[2019.05.22-16.31.20:722][  1]LogAssetRegistry: Asset discovery search completed in 6.7318 seconds
[2019.05.22-16.31.20:724][  1]LogCollectionManager: Rebuilt the object cache for 0 collections in 0.000001 seconds (found 0 objects)
[2019.05.22-16.31.20:724][  1]LogCollectionManager: Fixed up redirectors for 0 collections in 0.000042 seconds (updated 0 objects)
[2019.05.22-16.31.23:613][339]LogSlate: FSceneViewport::OnFocusLost() reason 0
[2019.05.22-16.31.27:860][847]LogEditorViewport: Clicking on Actor (LMB): StaticMeshActor (Floor)
[2019.05.22-16.31.30:592][158]LogSlate: FSceneViewport::OnFocusLost() reason 0
[2019.05.22-16.31.33:856][490]LogAIModule: Creating AISystem for world WhiteBox_Block
[2019.05.22-16.31.42:934][544]LogEditorViewport: Clicking on Actor (LMB): StaticMeshActor (Floor)
[2019.05.22-16.31.43:834][644]LogSlate: FSceneViewport::OnFocusLost() reason 0
[2019.05.22-16.31.46:123][911]LogSlate: Took 0.003099 seconds to synchronously load lazily loaded font '../../../Engine/Content/Slate/Fonts/Roboto-Light.ttf' (167K)
[2019.05.22-16.31.46:132][911]LogAssetEditorManager: Opening Asset editor for World /Game/WhiteBox_Block.WhiteBox_Block
[2019.05.22-16.31.46:153][911]Cmd: MAP LOAD FILE="../../../../../../Users/u0718857/Documents/GitHub/Asset_Pipeline/EAE3010SUM_As1_G_C/Content/WhiteBox_Block.umap" TEMPLATE=0 SHOWPROGRESS=1 FEATURELEVEL=3
[2019.05.22-16.31.46:153][911]LightingResults: New page: Lighting Build
[2019.05.22-16.31.46:154][911]LoadErrors: New page: Loading map: WhiteBox_Block.umap
[2019.05.22-16.31.46:154][911]MapCheck: New page: Map Check
[2019.05.22-16.31.46:154][911]LightingResults: New page: Lighting Build
[2019.05.22-16.31.46:198][911]LogEditorServer: Finished looking for orphan Actors (0.000 secs)
[2019.05.22-16.31.46:243][911]Cmd: MAP CHECKDEP NOCLEARLOG
[2019.05.22-16.31.46:243][911]MapCheck: Map check complete: 0 Error(s), 0 Warning(s), took 0.153ms to complete.
[2019.05.22-16.31.46:245][911]LogFileHelpers: Loading map 'WhiteBox_Block' took 0.093
[2019.05.22-16.32.00:985][632]LogAIModule: Creating AISystem for world WhiteBox_Block1
[2019.05.22-16.32.19:745][810]LogMetaData: Removing '/Game/WhiteBox_MyBlock.SKEL_WhiteBox_MyBlock_C' ref from Metadata '/Game/WhiteBox_Block1.PackageMetaData'
[2019.05.22-16.32.19:745][810]LogMetaData: Removing '/Game/WhiteBox_MyBlock.WhiteBox_MyBlock_C' ref from Metadata '/Game/WhiteBox_Block1.PackageMetaData'
[2019.05.22-16.32.19:774][810]LogSavePackage: Moving '../../../../../../Users/u0718857/Documents/GitHub/Asset_Pipeline/EAE3010SUM_As1_G_C/Saved/WhiteBox_MyBlock_BuiltDataC4653CC243E859F70222E9BB97AFF8FC.tmp' to '../../../../../../Users/u0718857/Documents/GitHub/Asset_Pipeline/EAE3010SUM_As1_G_C/Content/WhiteBox_MyBlock_BuiltData.uasset'
[2019.05.22-16.32.20:487][810]LogSavePackage: Moving '../../../../../../Users/u0718857/Documents/GitHub/Asset_Pipeline/EAE3010SUM_As1_G_C/Saved/WhiteBox_MyBlockB10BC60B4299023936317C893281ECA4.tmp' to '../../../../../../Users/u0718857/Documents/GitHub/Asset_Pipeline/EAE3010SUM_As1_G_C/Content/WhiteBox_MyBlock.umap'
[2019.05.22-16.32.20:554][810]LogFileHelpers: Saving map 'WhiteBox_MyBlock' took 0.774
[2019.05.22-16.32.56:503][  4]LogSlate: FSceneViewport::OnFocusLost() reason 0
[2019.05.22-16.33.48:306][114]Cmd: DUPLICATE
[2019.05.22-16.33.48:306][114]Cmd: ACTOR DUPLICATE
[2019.05.22-16.33.49:414][114]LogNavigationPoint: PostEditMove Clear paths rebuilt
[2019.05.22-16.33.52:415][153]LogNavigationPoint: PostEditMove Clear paths rebuilt
[2019.05.22-16.33.53:428][229]Cmd: TRANSACTION UNDO
[2019.05.22-16.33.53:428][229]LogEditorTransaction: Undo Move Actors
[2019.05.22-16.34.07:679][302]LogNavigationPoint: PostEditMove Clear paths rebuilt
[2019.05.22-16.34.13:870][784]LogNavigationPoint: PostEditMove Clear paths rebuilt
[2019.05.22-16.34.24:070][723]LogSlate: FSceneViewport::OnFocusLost() reason 0
[2019.05.22-16.34.30:387][289]LogNavigationPoint: PostEditMove Clear paths rebuilt
[2019.05.22-16.34.32:341][458]LogSlate: FSceneViewport::OnFocusLost() reason 0
[2019.05.22-16.34.45:301][572]LogNavigationPoint: PostEditMove Clear paths rebuilt
[2019.05.22-16.34.59:069][777]LogSlate: FSceneViewport::OnFocusLost() reason 0
[2019.05.22-16.35.05:856][295]LogNavigationPoint: PostEditMove Clear paths rebuilt
[2019.05.22-16.35.09:015][564]LogSlate: FSceneViewport::OnFocusLost() reason 0
[2019.05.22-16.35.14:267][943]LogNavigationPoint: PostEditMove Clear paths rebuilt
[2019.05.22-16.35.43:615][555]LogSlate: FSceneViewport::OnFocusLost() reason 0
[2019.05.22-16.35.49:352][973]LogNavigationPoint: PostEditMove Clear paths rebuilt
[2019.05.22-16.35.51:288][109]LogSlate: FSceneViewport::OnFocusLost() reason 0
[2019.05.22-16.35.55:185][293]LogNavigationPoint: PostEditMove Clear paths rebuilt
[2019.05.22-16.36.05:903][ 82]LogNavigationPoint: PostEditMove Clear paths rebuilt
[2019.05.22-16.36.25:366][818]Cmd: DUPLICATE
[2019.05.22-16.36.25:366][818]Cmd: ACTOR DUPLICATE
[2019.05.22-16.36.26:812][818]LogNavigationPoint: PostEditMove Clear paths rebuilt
[2019.05.22-16.36.31:809][990]LogNavigationPoint: PostEditMove Clear paths rebuilt
[2019.05.22-16.36.34:489][137]LogSlate: FSceneViewport::OnFocusLost() reason 0
[2019.05.22-16.36.38:499][368]LogNavigationPoint: PostEditMove Clear paths rebuilt
[2019.05.22-16.36.44:771][920]Cmd: TRANSACTION UNDO
[2019.05.22-16.36.44:771][920]LogEditorTransaction: Undo Rotate Actors
[2019.05.22-16.36.52:064][281]LogNavigationPoint: PostEditMove Clear paths rebuilt
[2019.05.22-16.36.54:151][425]LogSlate: FSceneViewport::OnFocusLost() reason 0
[2019.05.22-16.36.57:993][646]LogNavigationPoint: PostEditMove Clear paths rebuilt
[2019.05.22-16.37.04:621][979]LogNavigationPoint: PostEditMove Clear paths rebuilt
[2019.05.22-16.37.13:204][557]Cmd: TRANSACTION UNDO
[2019.05.22-16.37.13:204][557]LogEditorTransaction: Undo Move Actors
[2019.05.22-16.37.14:235][558]Cmd: TRANSACTION UNDO
[2019.05.22-16.37.14:235][558]LogEditorTransaction: Undo Move Actors
[2019.05.22-16.37.15:378][560]Cmd: TRANSACTION UNDO
[2019.05.22-16.37.15:378][560]LogEditorTransaction: Undo Rotate Actors
[2019.05.22-16.37.16:164][560]Cmd: TRANSACTION UNDO
[2019.05.22-16.37.16:164][560]LogEditorTransaction: Undo Move Actors
[2019.05.22-16.37.16:932][560]Cmd: TRANSACTION UNDO
[2019.05.22-16.37.16:932][560]LogEditorTransaction: Undo Duplicate Actors
[2019.05.22-16.37.53:722][678]LogEditorViewport: Clicking Background
[2019.05.22-16.37.54:146][718]Cmd: TRANSACTION UNDO
[2019.05.22-16.37.54:146][718]LogEditorTransaction: Undo Clicking Background
[2019.05.22-16.39.18:489][998]LogSlate: FSceneViewport::OnFocusLost() reason 0
[2019.05.22-16.39.24:286][448]LogNavigationPoint: PostEditMove Clear paths rebuilt
[2019.05.22-16.39.26:515][636]LogSlate: FSceneViewport::OnFocusLost() reason 0
[2019.05.22-16.39.29:673][849]LogNavigationPoint: PostEditMove Clear paths rebuilt
[2019.05.22-16.39.32:249][982]LogNavigationPoint: PostEditMove Clear paths rebuilt
[2019.05.22-16.39.35:383][149]LogNavigationPoint: PostEditMove Clear paths rebuilt
[2019.05.22-16.39.39:469][454]LogNavigationPoint: PostEditMove Clear paths rebuilt
[2019.05.22-16.40.11:542][448]LogNavigationPoint: PostEditMove Clear paths rebuilt
[2019.05.22-16.40.16:857][896]LogNavigationPoint: PostEditMove Clear paths rebuilt
[2019.05.22-16.40.20:020][145]LogNavigationPoint: PostEditMove Clear paths rebuilt
[2019.05.22-16.40.27:697][858]LogNavigationPoint: PostEditMove Clear paths rebuilt
[2019.05.22-16.40.37:806][802]LogNavigationPoint: PostEditMove Clear paths rebuilt
[2019.05.22-16.40.43:773][381]Cmd: DUPLICATE
[2019.05.22-16.40.43:773][381]Cmd: ACTOR DUPLICATE
[2019.05.22-16.40.45:402][381]LogNavigationPoint: PostEditMove Clear paths rebuilt
[2019.05.22-16.40.55:745][812]LogNavigationPoint: PostEditMove Clear paths rebuilt
[2019.05.22-16.41.00:860][964]LogNavigationPoint: PostEditMove Clear paths rebuilt
[2019.05.22-16.41.06:473][142]LogNavigationPoint: PostEditMove Clear paths rebuilt
[2019.05.22-16.41.10:812][279]LogNavigationPoint: PostEditMove Clear paths rebuilt
[2019.05.22-16.41.15:966][444]LogNavigationPoint: PostEditMove Clear paths rebuilt
[2019.05.22-16.41.20:603][615]LogNavigationPoint: PostEditMove Clear paths rebuilt
[2019.05.22-16.41.27:690][901]LogNavigationPoint: PostEditMove Clear paths rebuilt
[2019.05.22-16.41.45:770][ 94]LogNavigationPoint: PostEditMove Clear paths rebuilt
[2019.05.22-16.41.51:152][413]LogNavigationPoint: PostEditMove Clear paths rebuilt
[2019.05.22-16.41.52:448][482]LogEditorViewport: Clicking Background
[2019.05.22-16.42.09:585][441]Cmd: TRANSACTION UNDO
[2019.05.22-16.42.09:585][441]LogEditorTransaction: Undo Clicking Background
[2019.05.22-16.42.14:269][685]LogNavigationPoint: PostEditMove Clear paths rebuilt
[2019.05.22-16.42.15:394][749]LogEditorViewport: Clicking Background
[2019.05.22-16.42.20:286][296]Cmd: TRANSACTION UNDO
[2019.05.22-16.42.20:286][296]LogEditorTransaction: Undo Clicking Background
[2019.05.22-16.42.26:351][618]LogNavigationPoint: PostEditMove Clear paths rebuilt
[2019.05.22-16.42.27:906][714]LogEditorViewport: Clicking Background
[2019.05.22-16.42.32:597][236]Cmd: TRANSACTION UNDO
[2019.05.22-16.42.32:597][236]LogEditorTransaction: Undo Clicking Background
[2019.05.22-16.43.01:665][532]LogNavigationPoint: PostEditMove Clear paths rebuilt
[2019.05.22-16.43.05:227][727]LogNavigationPoint: PostEditMove Clear paths rebuilt
[2019.05.22-16.43.07:511][891]LogEditorViewport: Clicking Background
[2019.05.22-16.43.30:628][104]LogEditorViewport: Clicking Background
[2019.05.22-16.43.32:791][355]Cmd: TRANSACTION UNDO
[2019.05.22-16.43.32:791][355]LogEditorTransaction: Undo Clicking Background
[2019.05.22-16.43.33:336][396]Cmd: TRANSACTION UNDO
[2019.05.22-16.43.33:336][396]LogEditorTransaction: Undo Move Actors
[2019.05.22-16.43.38:971][715]LogEditorViewport: Clicking Background
[2019.05.22-16.44.41:435][ 46]LogSavePackage: Moving '../../../../../../Users/u0718857/Documents/GitHub/Asset_Pipeline/EAE3010SUM_As1_G_C/Saved/WhiteBox_Block_Auto1E93C06B541E5CED6ADBEA38BE366D279.tmp' to '../../../../../../Users/u0718857/Documents/GitHub/Asset_Pipeline/EAE3010SUM_As1_G_C/Saved/Autosaves/Game/WhiteBox_Block_Auto1.umap'
[2019.05.22-16.44.41:442][ 46]LogFileHelpers: Editor autosave (incl. sublevels) for '/Game/WhiteBox_Block' took 2.085
[2019.05.22-16.44.41:442][ 46]LogFileHelpers: Editor autosave (incl. sublevels) for all levels took 2.085
[2019.05.22-19.57.12:107][509]LogInit: XAudio2 using '1 - CintiqPro24P (AMD High Definition Audio Device)' : 2 channels at 48 kHz using 16 bits per sample (channel mask 0x3)
[2019.05.22-19.57.16:124][521]LogInit: XAudio2 using '1 - CintiqPro24P (AMD High Definition Audio Device)' : 2 channels at 48 kHz using 16 bits per sample (channel mask 0x3)
[2019.05.22-20.01.41:560][313]LogEditorViewport: Clicking Background
[2019.05.22-20.01.45:876][667]LogSlate: FSceneViewport::OnFocusLost() reason 0
[2019.05.22-20.01.49:054][936]LogSavePackage: Moving '../../../../../../Users/u0718857/Documents/GitHub/Asset_Pipeline/EAE3010SUM_As1_G_C/Saved/WhiteBox_MyBlock4F830EA843E87DBE6A9A6DA8F3393FC9.tmp' to '../../../../../../Users/u0718857/Documents/GitHub/Asset_Pipeline/EAE3010SUM_As1_G_C/Content/WhiteBox_MyBlock.umap'
[2019.05.22-20.01.49:127][936]LogFileHelpers: Saving map 'WhiteBox_MyBlock' took 0.942
